This is pdfTeX, Version 3.14159265-2.6-1.40.21 (MiKTeX 20.11) (preloaded format=pdflatex 2020.11.30)  16 DEC 2020 21:33
entering extended mode
**"c:/Users/amg16148/OneDrive/UCONN Coursework/Fall 2020/ECE 3111/Project/LaTeX Files/ECE 3111 Systems Analysis Quadcopter Project.tex"
("c:/Users/amg16148/OneDrive/UCONN Coursework/Fall 2020/ECE 3111/Project/LaTeX Files/ECE 3111 Systems Analysis Quadcopter Project.tex"
LaTeX2e <2020-10-01> patch level 2
L3 programming layer <2020-10-27> xparse <2020-03-03> ("C:\Program Files\MiKTeX\tex/latex/base\article.cls"
Document Class: article 2020/04/10 v1.4m Standard LaTeX document class
("C:\Program Files\MiKTeX\tex/latex/base\size12.clo"
File: size12.clo 2020/04/10 v1.4m Standard LaTeX file (size option)
)
\c@part=\count175
\c@section=\count176
\c@subsection=\count177
\c@subsubsection=\count178
\c@paragraph=\count179
\c@subparagraph=\count180
\c@figure=\count181
\c@table=\count182
\abovecaptionskip=\skip47
\belowcaptionskip=\skip48
\bibindent=\dimen138
) ("C:\Program Files\MiKTeX\tex/latex/amsfonts\amsfonts.sty"
Package: amsfonts 2013/01/14 v3.01 Basic AMSFonts support
\@emptytoks=\toks15
\symAMSa=\mathgroup4
\symAMSb=\mathgroup5
LaTeX Font Info:    Redeclaring math symbol \hbar on input line 98.
LaTeX Font Info:    Overwriting math alphabet `\mathfrak' in version `bold'
(Font)                  U/euf/m/n --> U/euf/b/n on input line 106.
) ("C:\Program Files\MiKTeX\tex/latex/amsmath\amstext.sty"
Package: amstext 2000/06/29 v2.01 AMS text
 ("C:\Program Files\MiKTeX\tex/latex/amsmath\amsgen.sty"
File: amsgen.sty 1999/11/30 v2.0 generic functions
\@emptytoks=\toks16
\ex@=\dimen139
)) ("C:\Program Files\MiKTeX\tex/latex/amsmath\amsmath.sty"
Package: amsmath 2020/09/23 v2.17i AMS math features
\@mathmargin=\skip49

For additional information on amsmath, use the `?' option.
("C:\Program Files\MiKTeX\tex/latex/amsmath\amsbsy.sty"
Package: amsbsy 1999/11/29 v1.2d Bold Symbols
\pmbraise@=\dimen140
) ("C:\Program Files\MiKTeX\tex/latex/amsmath\amsopn.sty"
Package: amsopn 2016/03/08 v2.02 operator names
)
\inf@bad=\count183
LaTeX Info: Redefining \frac on input line 234.
\uproot@=\count184
\leftroot@=\count185
LaTeX Info: Redefining \overline on input line 399.
\classnum@=\count186
\DOTSCASE@=\count187
LaTeX Info: Redefining \ldots on input line 496.
LaTeX Info: Redefining \dots on input line 499.
LaTeX Info: Redefining \cdots on input line 620.
\Mathstrutbox@=\box47
\strutbox@=\box48
\big@size=\dimen141
LaTeX Font Info:    Redeclaring font encoding OML on input line 743.
LaTeX Font Info:    Redeclaring font encoding OMS on input line 744.
\macc@depth=\count188
\c@MaxMatrixCols=\count189
\dotsspace@=\muskip16
\c@parentequation=\count190
\dspbrk@lvl=\count191
\tag@help=\toks17
\row@=\count192
\column@=\count193
\maxfields@=\count194
\andhelp@=\toks18
\eqnshift@=\dimen142
\alignsep@=\dimen143
\tagshift@=\dimen144
\tagwidth@=\dimen145
\totwidth@=\dimen146
\lineht@=\dimen147
\@envbody=\toks19
\multlinegap=\skip50
\multlinetaggap=\skip51
\mathdisplay@stack=\toks20
LaTeX Info: Redefining \[ on input line 2923.
LaTeX Info: Redefining \] on input line 2924.
) ("C:\Program Files\MiKTeX\tex/latex/amscls\amsthm.sty"
Package: amsthm 2020/05/29 v2.20.6
\thm@style=\toks21
\thm@bodyfont=\toks22
\thm@headfont=\toks23
\thm@notefont=\toks24
\thm@headpunct=\toks25
\thm@preskip=\skip52
\thm@postskip=\skip53
\thm@headsep=\skip54
\dth@everypar=\toks26
) ("C:\Program Files\MiKTeX\tex/latex/amsmath\amscd.sty"
Package: amscd 2017/04/14 v2.1 AMS Commutative Diagrams
\athelp@=\toks27
\minaw@=\dimen148
\bigaw@=\dimen149
\minCDarrowwidth=\dimen150
) ("C:\Program Files\MiKTeX\tex/latex/amsfonts\amssymb.sty"
Package: amssymb 2013/01/14 v3.01 AMS font symbols
) ("C:\Program Files\MiKTeX\tex/latex/hyperref\hyperref.sty"
Package: hyperref 2020-05-15 v7.00e Hypertext links for LaTeX
 ("C:\Program Files\MiKTeX\tex/generic/ltxcmds\ltxcmds.sty"
Package: ltxcmds 2020-05-10 v1.25 LaTeX kernel commands for general use (HO)
) ("C:\Program Files\MiKTeX\tex/generic/iftex\iftex.sty"
Package: iftex 2020/03/06 v1.0d TeX engine tests
) ("C:\Program Files\MiKTeX\tex/generic/pdftexcmds\pdftexcmds.sty"
Package: pdftexcmds 2020-06-27 v0.33 Utility functions of pdfTeX for LuaTeX (HO)
 ("C:\Program Files\MiKTeX\tex/generic/infwarerr\infwarerr.sty"
Package: infwarerr 2019/12/03 v1.5 Providing info/warning/error messages (HO)
)
Package pdftexcmds Info: \pdf@primitive is available.
Package pdftexcmds Info: \pdf@ifprimitive is available.
Package pdftexcmds Info: \pdfdraftmode found.
) ("C:\Program Files\MiKTeX\tex/latex/graphics\keyval.sty"
Package: keyval 2014/10/28 v1.15 key=value parser (DPC)
\KV@toks@=\toks28
) ("C:\Program Files\MiKTeX\tex/generic/kvsetkeys\kvsetkeys.sty"
Package: kvsetkeys 2019/12/15 v1.18 Key value parser (HO)
) ("C:\Program Files\MiKTeX\tex/generic/kvdefinekeys\kvdefinekeys.sty"
Package: kvdefinekeys 2019-12-19 v1.6 Define keys (HO)
) ("C:\Program Files\MiKTeX\tex/generic/pdfescape\pdfescape.sty"
Package: pdfescape 2019/12/09 v1.15 Implements pdfTeX's escape features (HO)
) ("C:\Program Files\MiKTeX\tex/latex/hycolor\hycolor.sty"
Package: hycolor 2020-01-27 v1.10 Color options for hyperref/bookmark (HO)
) ("C:\Program Files\MiKTeX\tex/latex/letltxmacro\letltxmacro.sty"
Package: letltxmacro 2019/12/03 v1.6 Let assignment for LaTeX macros (HO)
) ("C:\Program Files\MiKTeX\tex/latex/auxhook\auxhook.sty"
Package: auxhook 2019-12-17 v1.6 Hooks for auxiliary files (HO)
) ("C:\Program Files\MiKTeX\tex/latex/kvoptions\kvoptions.sty"
Package: kvoptions 2020-10-07 v3.14 Key value format for package options (HO)
)
\@linkdim=\dimen151
\Hy@linkcounter=\count195
\Hy@pagecounter=\count196
 ("C:\Program Files\MiKTeX\tex/latex/hyperref\pd1enc.def"
File: pd1enc.def 2020-05-15 v7.00e Hyperref: PDFDocEncoding definition (HO)
Now handling font encoding PD1 ...
... no UTF-8 mapping file for font encoding PD1
) ("C:\Program Files\MiKTeX\tex/generic/intcalc\intcalc.sty"
Package: intcalc 2019/12/15 v1.3 Expandable calculations with integers (HO)
) ("C:\Program Files\MiKTeX\tex/generic/etexcmds\etexcmds.sty"
Package: etexcmds 2019/12/15 v1.7 Avoid name clashes with e-TeX commands (HO)
)
\Hy@SavedSpaceFactor=\count197
Package hyperref Info: Hyper figures OFF on input line 4464.
Package hyperref Info: Link nesting OFF on input line 4469.
Package hyperref Info: Hyper index ON on input line 4472.
Package hyperref Info: Plain pages OFF on input line 4479.
Package hyperref Info: Backreferencing OFF on input line 4484.
Package hyperref Info: Implicit mode ON; LaTeX internals redefined.
Package hyperref Info: Bookmarks ON on input line 4717.
\c@Hy@tempcnt=\count198
 ("C:\Program Files\MiKTeX\tex/latex/url\url.sty"
\Urlmuskip=\muskip17
Package: url 2013/09/16  ver 3.4  Verb mode for urls, etc.
)
LaTeX Info: Redefining \url on input line 5076.
\XeTeXLinkMargin=\dimen152
 ("C:\Program Files\MiKTeX\tex/generic/bitset\bitset.sty"
Package: bitset 2019/12/09 v1.3 Handle bit-vector datatype (HO)
 ("C:\Program Files\MiKTeX\tex/generic/bigintcalc\bigintcalc.sty"
Package: bigintcalc 2019/12/15 v1.5 Expandable calculations on big integers (HO)
))
\Fld@menulength=\count199
\Field@Width=\dimen153
\Fld@charsize=\dimen154
Package hyperref Info: Hyper figures OFF on input line 6347.
Package hyperref Info: Link nesting OFF on input line 6352.
Package hyperref Info: Hyper index ON on input line 6355.
Package hyperref Info: backreferencing OFF on input line 6362.
Package hyperref Info: Link coloring OFF on input line 6367.
Package hyperref Info: Link coloring with OCG OFF on input line 6372.
Package hyperref Info: PDF/A mode OFF on input line 6377.
LaTeX Info: Redefining \ref on input line 6417.
LaTeX Info: Redefining \pageref on input line 6421.
 ("C:\Program Files\MiKTeX\tex/latex/base\atbegshi-ltx.sty"
Package: atbegshi-ltx 2020/08/17 v1.0a Emulation of the original atbegshi package
with kernel methods
)
\Hy@abspage=\count266
\c@Item=\count267
\c@Hfootnote=\count268
)
Package hyperref Info: Driver (autodetected): hpdftex.
 ("C:\Program Files\MiKTeX\tex/latex/hyperref\hpdftex.def"
File: hpdftex.def 2020-05-15 v7.00e Hyperref driver for pdfTeX
 ("C:\Program Files\MiKTeX\tex/latex/base\atveryend-ltx.sty"
Package: atveryend-ltx 2020/08/19 v1.0a Emulation of the original atvery package
with kernel methods
)
\Fld@listcount=\count269
\c@bookmark@seq@number=\count270
 ("C:\Program Files\MiKTeX\tex/latex/rerunfilecheck\rerunfilecheck.sty"
Package: rerunfilecheck 2019/12/05 v1.9 Rerun checks for auxiliary files (HO)
 ("C:\Program Files\MiKTeX\tex/generic/uniquecounter\uniquecounter.sty"
Package: uniquecounter 2019/12/15 v1.4 Provide unlimited unique counter (HO)
)
Package uniquecounter Info: New unique counter `rerunfilecheck' on input line 286.
)
\Hy@SectionHShift=\skip55
) ("C:\Program Files\MiKTeX\tex/latex/float\float.sty"
Package: float 2001/11/08 v1.3d Float enhancements (AL)
\c@float@type=\count271
\float@exts=\toks29
\float@box=\box49
\@float@everytoks=\toks30
\@floatcapt=\box50
) ("C:\Program Files\MiKTeX\tex/latex/tools\longtable.sty"
Package: longtable 2020/01/07 v4.13 Multi-page Table package (DPC)
\LTleft=\skip56
\LTright=\skip57
\LTpre=\skip58
\LTpost=\skip59
\LTchunksize=\count272
\LTcapwidth=\dimen155
\LT@head=\box51
\LT@firsthead=\box52
\LT@foot=\box53
\LT@lastfoot=\box54
\LT@cols=\count273
\LT@rows=\count274
\c@LT@tables=\count275
\c@LT@chunks=\count276
\LT@p@ftn=\toks31
) ("C:\Program Files\MiKTeX\tex/latex/preprint\fullpage.sty"
Package: fullpage 1999/02/23 1.1 (PWD)
\FP@margin=\skip60
) ("C:\Program Files\MiKTeX\tex/latex/base\textcomp.sty"
Package: textcomp 2020/02/02 v2.0n Standard LaTeX package
) ("C:\Program Files\MiKTeX\tex/latex/was\gensymb.sty"
Package: gensymb 2003/07/02 v1.0 (WaS)
) ("C:\Program Files\MiKTeX\tex/latex/graphics\epsfig.sty"
Package: epsfig 2017/06/25 v1.7b (e)psfig emulation (SPQR)
 ("C:\Program Files\MiKTeX\tex/latex/graphics\graphicx.sty"
Package: graphicx 2020/09/09 v1.2b Enhanced LaTeX Graphics (DPC,SPQR)
 ("C:\Program Files\MiKTeX\tex/latex/graphics\graphics.sty"
Package: graphics 2020/08/30 v1.4c Standard LaTeX Graphics (DPC,SPQR)
 ("C:\Program Files\MiKTeX\tex/latex/graphics\trig.sty"
Package: trig 2016/01/03 v1.10 sin cos tan (DPC)
) ("C:\Program Files\MiKTeX\tex/latex/graphics-cfg\graphics.cfg"
File: graphics.cfg 2016/06/04 v1.11 sample graphics configuration
)
Package graphics Info: Driver file: pdftex.def on input line 105.
 ("C:\Program Files\MiKTeX\tex/latex/graphics-def\pdftex.def"
File: pdftex.def 2020/10/05 v1.2a Graphics/color driver for pdftex
))
\Gin@req@height=\dimen156
\Gin@req@width=\dimen157
)
\epsfxsize=\dimen158
\epsfysize=\dimen159
) ("C:\Program Files\MiKTeX\tex/latex/psfrag\psfrag.sty"
Package: psfrag 1998/04/11 v3.04 PSfrag (MCG)
\pfg@pcount=\count277
\pfg@scount=\count278
\pfg@temp=\write3
) ("C:\Program Files\MiKTeX\tex/latex/subfig\subfig.sty"
Package: subfig 2005/06/28 ver: 1.3 subfig package
 ("C:\Program Files\MiKTeX\tex/latex/caption\caption.sty"
Package: caption 2020/10/26 v3.5g Customizing captions (AR)
 ("C:\Program Files\MiKTeX\tex/latex/caption\caption3.sty"
Package: caption3 2020/10/21 v2.2e caption3 kernel (AR)
\captionmargin=\dimen160
\captionmargin@=\dimen161
\captionwidth=\dimen162
\caption@tempdima=\dimen163
\caption@indent=\dimen164
\caption@parindent=\dimen165
\caption@hangindent=\dimen166
Package caption Info: Standard document class detected.
)
\c@caption@flags=\count279
\c@continuedfloat=\count280
Package caption Info: float package is loaded.
Package caption Info: hyperref package is loaded.
Package caption Info: longtable package is loaded.
 ("C:\Program Files\MiKTeX\tex/latex/caption\ltcaption.sty"
Package: ltcaption 2020/05/30 v1.4b longtable captions (AR)
))
\c@KVtest=\count281
\sf@farskip=\skip61
\sf@captopadj=\dimen167
\sf@capskip=\skip62
\sf@nearskip=\skip63
\c@subfigure=\count282
\c@subfigure@save=\count283
\c@lofdepth=\count284
\c@subtable=\count285
\c@subtable@save=\count286
\c@lotdepth=\count287
\sf@top=\skip64
\sf@bottom=\skip65
) ("C:\Program Files\MiKTeX\tex/latex/graphics\color.sty"
Package: color 2020/02/24 v1.2b Standard LaTeX Color (DPC)
 ("C:\Program Files\MiKTeX\tex/latex/graphics-cfg\color.cfg"
File: color.cfg 2016/01/02 v1.6 sample color configuration
)
Package color Info: Driver file: pdftex.def on input line 147.
)
\c@proposition=\count288
\c@theorem=\count289
\c@lemma=\count290
\c@corollary=\count291
\c@conjecture=\count292
\c@claim=\count293
\c@definition=\count294
\c@remark=\count295
\c@question=\count296
\c@notation=\count297
\c@example=\count298
\c@algorithm=\count299
\c@method=\count300
 ("C:\Program Files\MiKTeX\tex/latex/l3backend\l3backend-pdftex.def"
File: l3backend-pdftex.def 2020-09-24 L3 backend support: PDF output (pdfTeX)
\l__kernel_color_stack_int=\count301
\l__pdf_internal_box=\box55
) ("c:/Users\amg16148\OneDrive\UCONN Coursework\Fall 2020\ECE 3111\Project\LaTeX Files\ECE 3111 Systems Analysis Quadcopter Project.aux")
\openout1 = `"ECE 3111 Systems Analysis Quadcopter Project.aux"'.

LaTeX Font Info:    Checking defaults for OML/cmm/m/it on input line 59.
LaTeX Font Info:    ... okay on input line 59.
LaTeX Font Info:    Checking defaults for OMS/cmsy/m/n on input line 59.
LaTeX Font Info:    ... okay on input line 59.
LaTeX Font Info:    Checking defaults for OT1/cmr/m/n on input line 59.
LaTeX Font Info:    ... okay on input line 59.
LaTeX Font Info:    Checking defaults for T1/cmr/m/n on input line 59.
LaTeX Font Info:    ... okay on input line 59.
LaTeX Font Info:    Checking defaults for TS1/cmr/m/n on input line 59.
LaTeX Font Info:    ... okay on input line 59.
LaTeX Font Info:    Checking defaults for OMX/cmex/m/n on input line 59.
LaTeX Font Info:    ... okay on input line 59.
LaTeX Font Info:    Checking defaults for U/cmr/m/n on input line 59.
LaTeX Font Info:    ... okay on input line 59.
LaTeX Font Info:    Checking defaults for PD1/pdf/m/n on input line 59.
LaTeX Font Info:    ... okay on input line 59.
Package hyperref Info: Link coloring OFF on input line 59.
 ("C:\Program Files\MiKTeX\tex/latex/hyperref\nameref.sty"
Package: nameref 2019/09/16 v2.46 Cross-referencing by name of section
 ("C:\Program Files\MiKTeX\tex/latex/refcount\refcount.sty"
Package: refcount 2019/12/15 v3.6 Data extraction from label references (HO)
) ("C:\Program Files\MiKTeX\tex/generic/gettitlestring\gettitlestring.sty"
Package: gettitlestring 2019/12/15 v1.6 Cleanup title references (HO)
)
\c@section@level=\count302
)
LaTeX Info: Redefining \ref on input line 59.
LaTeX Info: Redefining \pageref on input line 59.
LaTeX Info: Redefining \nameref on input line 59.
 ("c:/Users\amg16148\OneDrive\UCONN Coursework\Fall 2020\ECE 3111\Project\LaTeX Files\ECE 3111 Systems Analysis Quadcopter Project.out") ("c:/Users\amg16148\OneDrive\UCONN Coursework\Fall 2020\ECE 3111\Project\LaTeX Files\ECE 3111 Systems Analysis Quadcopter Project.out")
\@outlinefile=\write4
\openout4 = `"ECE 3111 Systems Analysis Quadcopter Project.out"'.

\symgns@font=\mathgroup6
LaTeX Font Info:    Overwriting symbol font `gns@font' in version `bold'
(Font)                  TS1/cmr/m/n --> TS1/cmr/b/n on input line 59.
Package gensymb Info: Math companion symbols declared on input line 59.
LaTeX Info: Redefining \degree on input line 59.
LaTeX Info: Redefining \celsius on input line 59.
Package gensymb Info: Using text companion symbols for \degree, \celsius and \perthousand on input line 59.
LaTeX Info: Redefining \ohm on input line 59.
Package gensymb Info: Using \textohm for \ohm on input line 59.
Package gensymb Info: Using \textmu for \micro on input line 59.
 ("C:\Program Files\MiKTeX\tex/context/base/mkii\supp-pdf.mkii"
[Loading MPS to PDF converter (version 2006.09.02).]
\scratchcounter=\count303
\scratchdimen=\dimen168
\scratchbox=\box56
\nofMPsegments=\count304
\nofMParguments=\count305
\everyMPshowfont=\toks32
\MPscratchCnt=\count306
\MPscratchDim=\dimen169
\MPnumerator=\count307
\makeMPintoPDFobject=\count308
\everyMPtoPDFconversion=\toks33
) ("C:\Program Files\MiKTeX\tex/latex/epstopdf-pkg\epstopdf-base.sty"
Package: epstopdf-base 2020-01-24 v2.11 Base part for package epstopdf
Package epstopdf-base Info: Redefining graphics rule for `.eps' on input line 485.
)
Package caption Info: Begin \AtBeginDocument code.
Package caption Info: subfig package v1.3 is loaded.
Package caption Info: End \AtBeginDocument code.
LaTeX Font Info:    Trying to load font information for U+msa on input line 62.
 ("C:\Program Files\MiKTeX\tex/latex/amsfonts\umsa.fd"
File: umsa.fd 2013/01/14 v3.01 AMS symbols A
)
LaTeX Font Info:    Trying to load font information for U+msb on input line 62.
 ("C:\Program Files\MiKTeX\tex/latex/amsfonts\umsb.fd"
File: umsb.fd 2013/01/14 v3.01 AMS symbols B
)
<images/Quadcopter Inertial Frame.png, id=3, 1699.34875pt x 1003.75pt>
File: images/Quadcopter Inertial Frame.png Graphic file (type png)
<use images/Quadcopter Inertial Frame.png>
Package pdftex.def Info: images/Quadcopter Inertial Frame.png  used on input line 78.
(pdftex.def)             Requested size: 305.86958pt x 180.6672pt.
 [1
Non-PDF special ignored!
<special> header=psfrag.pro

{C:/Users/amg16148/AppData/Local/MiKTeX/pdftex/config/pdftex.map} <c:/Users/amg16148/OneDrive/UCONN Coursework/Fall 2020/ECE 3111/Project/LaTeX Files/images/Quadcopter Inertial Frame.png>] [2]
Overfull \hbox (3.89311pt too wide) in alignment at lines 165--184
[] []
 []

[3] [4] [5]
<images/system_block_diagram.png, id=46, 1739.7497pt x 787.44188pt>
File: images/system_block_diagram.png Graphic file (type png)
<use images/system_block_diagram.png>
Package pdftex.def Info: images/system_block_diagram.png  used on input line 301.
(pdftex.def)             Requested size: 469.75502pt x 212.61215pt.
 [6 <c:/Users/amg16148/OneDrive/UCONN Coursework/Fall 2020/ECE 3111/Project/LaTeX Files/images/system_block_diagram.png>] [7]
<images/Z_response.png, id=60, 682.80093pt x 490.83376pt>
File: images/Z_response.png Graphic file (type png)
<use images/Z_response.png>
Package pdftex.def Info: images/Z_response.png  used on input line 347.
(pdftex.def)             Requested size: 422.77664pt x 303.91684pt.
<images/Pitch_response.png, id=61, 1077.27469pt x 532.23843pt>
File: images/Pitch_response.png Graphic file (type png)
<use images/Pitch_response.png>
Package pdftex.def Info: images/Pitch_response.png  used on input line 353.
(pdftex.def)             Requested size: 422.77664pt x 208.87967pt.


LaTeX Warning: `h' float specifier changed to `ht'.

<images/Roll_response.png, id=62, 795.72281pt x 505.89pt>
File: images/Roll_response.png Graphic file (type png)
<use images/Roll_response.png>
Package pdftex.def Info: images/Roll_response.png  used on input line 359.
(pdftex.def)             Requested size: 422.77664pt x 268.78427pt.

LaTeX Warning: `h' float specifier changed to `ht'.

<images/Yaw_response.png, id=63, 739.26187pt x 417.05812pt>
File: images/Yaw_response.png Graphic file (type png)
<use images/Yaw_response.png>
Package pdftex.def Info: images/Yaw_response.png  used on input line 365.
(pdftex.def)             Requested size: 422.77664pt x 238.51471pt.

LaTeX Warning: `h' float specifier changed to `ht'.

<images/Z_bode.png, id=64, 421.575pt x 316.0608pt>
File: images/Z_bode.png Graphic file (type png)
<use images/Z_bode.png>
Package pdftex.def Info: images/Z_bode.png  used on input line 371.
(pdftex.def)             Requested size: 352.31625pt x 264.1389pt.

LaTeX Warning: `h' float specifier changed to `ht'.

<images/Pitch_bode.png, id=65, 421.575pt x 316.0608pt>
File: images/Pitch_bode.png Graphic file (type png)
<use images/Pitch_bode.png>
Package pdftex.def Info: images/Pitch_bode.png  used on input line 377.
(pdftex.def)             Requested size: 352.31625pt x 264.1389pt.

LaTeX Warning: `h' float specifier changed to `ht'.

<images/Roll_bode.png, id=66, 421.575pt x 316.0608pt>
File: images/Roll_bode.png Graphic file (type png)
<use images/Roll_bode.png>
Package pdftex.def Info: images/Roll_bode.png  used on input line 383.
(pdftex.def)             Requested size: 352.31625pt x 264.1389pt.

LaTeX Warning: `h' float specifier changed to `ht'.

<images/Z_rootlocus.png, id=67, 421.575pt x 316.0608pt>
File: images/Z_rootlocus.png Graphic file (type png)
<use images/Z_rootlocus.png>
Package pdftex.def Info: images/Z_rootlocus.png  used on input line 389.
(pdftex.def)             Requested size: 352.31625pt x 264.1389pt.

LaTeX Warning: `h' float specifier changed to `ht'.

<images/Pitch_rootlocus.png, id=68, 421.575pt x 316.0608pt>
File: images/Pitch_rootlocus.png Graphic file (type png)
<use images/Pitch_rootlocus.png>
Package pdftex.def Info: images/Pitch_rootlocus.png  used on input line 395.
(pdftex.def)             Requested size: 352.31625pt x 264.1389pt.

LaTeX Warning: `h' float specifier changed to `ht'.

<images/Roll_rootlocus.png, id=69, 421.575pt x 316.0608pt>
File: images/Roll_rootlocus.png Graphic file (type png)
<use images/Roll_rootlocus.png>
Package pdftex.def Info: images/Roll_rootlocus.png  used on input line 401.
(pdftex.def)             Requested size: 352.31625pt x 264.1389pt.

LaTeX Warning: `h' float specifier changed to `ht'.

<images/Yaw_rootlocus.png, id=70, 421.575pt x 316.0608pt>
File: images/Yaw_rootlocus.png Graphic file (type png)
<use images/Yaw_rootlocus.png>
Package pdftex.def Info: images/Yaw_rootlocus.png  used on input line 407.
(pdftex.def)             Requested size: 352.31625pt x 264.1389pt.

LaTeX Warning: `h' float specifier changed to `ht'.

[8 <c:/Users/amg16148/OneDrive/UCONN Coursework/Fall 2020/ECE 3111/Project/LaTeX Files/images/Z_response.png (PNG copy)>] [9 <c:/Users/amg16148/OneDrive/UCONN Coursework/Fall 2020/ECE 3111/Project/LaTeX Files/images/Pitch_response.png (PNG copy)> <c:/Users/amg16148/OneDrive/UCONN Coursework/Fall 2020/ECE 3111/Project/LaTeX Files/images/Roll_response.png (PNG copy)>] [10 <c:/Users/amg16148/OneDrive/UCONN Coursework/Fall 2020/ECE 3111/Project/LaTeX Files/images/Yaw_response.png (PNG copy)> <c:/Users/amg16148/OneDrive/UCONN Coursework/Fall 2020/ECE 3111/Project/LaTeX Files/images/Z_bode.png (PNG copy)>] [11 <c:/Users/amg16148/OneDrive/UCONN Coursework/Fall 2020/ECE 3111/Project/LaTeX Files/images/Pitch_bode.png (PNG copy)> <c:/Users/amg16148/OneDrive/UCONN Coursework/Fall 2020/ECE 3111/Project/LaTeX Files/images/Roll_bode.png (PNG copy)>] [12 <c:/Users/amg16148/OneDrive/UCONN Coursework/Fall 2020/ECE 3111/Project/LaTeX Files/images/Z_rootlocus.png (PNG copy)> <c:/Users/amg16148/OneDrive/UCONN Coursework/Fall 2020/ECE 3111/Project/LaTeX Files/images/Pitch_rootlocus.png (PNG copy)>] [13 <c:/Users/amg16148/OneDrive/UCONN Coursework/Fall 2020/ECE 3111/Project/LaTeX Files/images/Roll_rootlocus.png (PNG copy)> <c:/Users/amg16148/OneDrive/UCONN Coursework/Fall 2020/ECE 3111/Project/LaTeX Files/images/Yaw_rootlocus.png (PNG copy)>] ("c:/Users\amg16148\OneDrive\UCONN Coursework\Fall 2020\ECE 3111\Project\LaTeX Files\ECE 3111 Systems Analysis Quadcopter Project.aux")
Package rerunfilecheck Info: File `"ECE 3111 Systems Analysis Quadcopter Project".out' has not changed.
(rerunfilecheck)             Checksum: D41D8CD98F00B204E9800998ECF8427E;0.
 ) 
Here is how much of TeX's memory you used:
 8337 strings out of 479799
 129553 string characters out of 2879589
 451835 words of memory out of 3000000
 25122 multiletter control sequences out of 15000+200000
 547416 words of font info for 74 fonts, out of 3000000 for 9000
 1141 hyphenation exceptions out of 8191
 80i,21n,85p,368b,394s stack positions out of 5000i,500n,10000p,200000b,50000s
<C:/Program Files/MiKTeX/fonts/type1/public/amsfonts/cm/cmbx10.pfb><C:/Program Files/MiKTeX/fonts/type1/public/amsfonts/cm/cmbx12.pfb><C:/Program Files/MiKTeX/fonts/type1/public/amsfonts/cm/cmex10.pfb><C:/Program Files/MiKTeX/fonts/type1/public/amsfonts/cm/cmmi12.pfb><C:/Program Files/MiKTeX/fonts/type1/public/amsfonts/cm/cmmi6.pfb><C:/Program Files/MiKTeX/fonts/type1/public/amsfonts/cm/cmmi8.pfb><C:/Program Files/MiKTeX/fonts/type1/public/amsfonts/cm/cmr10.pfb><C:/Program Files/MiKTeX/fonts/type1/public/amsfonts/cm/cmr12.pfb><C:/Program Files/MiKTeX/fonts/type1/public/amsfonts/cm/cmr17.pfb><C:/Program Files/MiKTeX/fonts/type1/public/amsfonts/cm/cmr6.pfb><C:/Program Files/MiKTeX/fonts/type1/public/amsfonts/cm/cmr8.pfb><C:/Program Files/MiKTeX/fonts/type1/public/amsfonts/cm/cmsy10.pfb><C:/Program Files/MiKTeX/fonts/type1/public/amsfonts/cm/cmsy8.pfb>
Output written on "c:/Users\amg16148\OneDrive\UCONN Coursework\Fall 2020\ECE 3111\Project\LaTeX Files\ECE 3111 Systems Analysis Quadcopter Project.pdf" (13 pages, 791259 bytes).
PDF statistics:
 156 PDF objects out of 1000 (max. 8388607)
 34 named destinations out of 1000 (max. 500000)
 66 words of extra memory for PDF output out of 10000 (max. 10000000)

